Arguments: 
  /usr/bin/node /usr/share/yarn/bin/yarn.js add webpack-cli -g

PATH: 
  /home/vagrant/bin:/home/vagrant/.local/bin:/usr/local/sbin:/usr/local/bin:/usr/sbin:/usr/bin:/sbin:/bin:/usr/games:/usr/local/games:/snap/bin

Yarn version: 
  1.13.0

Node version: 
  8.15.0

Platform: 
  linux x64

Trace: 
  Error: EPROTO: protocol error, symlink '../../../parser/bin/babel-parser.js' -> '/home/vagrant/dev/repos/fookyou/node_modules/@babel/core/node_modules/.bin/parser'

npm manifest: 
  {
    "name": "fookyou",
    "version": "1.0.0",
    "description": "fookyou",
    "main": "index.js",
    "scripts": {
      "test": "echo \"Error: no test specified\" && exit 1",
      "start": "node server.js",
      "build": "webpack --config webpack.config.js"
    },
    "repository": {
      "type": "git",
      "url": "git+https://github.com/sil-black-cow/fookyou.git"
    },
    "author": "",
    "license": "ISC",
    "bugs": {
      "url": "https://github.com/sil-black-cow/fookyou/issues"
    },
    "homepage": "https://github.com/sil-black-cow/fookyou#readme",
    "dependencies": {
      "@babel/core": "^7.3.3",
      "@babel/polyfill": "^7.2.5",
      "@babel/preset-env": "^7.3.1",
      "babel-loader": "^8.0.5",
      "hapi": "^18.1.0",
      "webpack": "^4.29.5",
      "webpack-cli": "^3.2.3"
    }
  }

yarn manifest: 
  No manifest

Lockfile: 
  No lockfile
